#
# A fatal error has been detected by the Java Runtime Environment:
#
#  EXCEPTION_UNCAUGHT_CXX_EXCEPTION (0xe06d7363) at pc=0x76a5c42d, pid=3192, tid=6140
#
# JRE version: Java(TM) SE Runtime Environment (7.0_45-b18) (build 1.7.0_45-b18)
# Java VM: Java HotSpot(TM) Client VM (24.45-b08 mixed mode windows-x86 )
# Problematic frame:
# C  [KERNELBASE.dll+0xc42d]
#
# Failed to write core dump. Minidumps are not enabled by default on client versions of Windows
#
# If you would like to submit a bug report, please visit:
#   http://bugreport.sun.com/bugreport/crash.jsp
# The crash happened outside the Java Virtual Machine in native code.
# See problematic frame for where to report the bug.
#

---------------  T H R E A D  ---------------

Current thread (0x0082c800):  JavaThread "main" [_thread_in_native, id=6140, stack(0x00df0000,0x00e40000)]

siginfo: ExceptionCode=0xe06d7363, ExceptionInformation=0x19930520 0x00e2fa20 0x5022a2b4 

Registers:
EAX=0x00e2f97c, EBX=0x00000ba7, ECX=0x00000003, EDX=0x00000000
ESP=0x00e2f97c, EBP=0x00e2f9cc, ESI=0x00e3fac4, EDI=0x504e3a30
EIP=0x76a5c42d, EFLAGS=0x00000202

Top of Stack: (sp=0x00e2f97c)
0x00e2f97c:   e06d7363 00000001 00000000 76a5c42d
0x00e2f98c:   00000003 19930520 00e2fa20 5022a2b4
0x00e2f99c:   00000000 00f9cdc8 00e2fa84 00e2f990
0x00e2f9ac:   00e2fa84 0000002d 00e2f9d4 500540de
0x00e2f9bc:   00f9cdc8 00f9ce00 0000002d 00e3fac4
0x00e2f9cc:   00e2fa04 504f872d e06d7363 00000001
0x00e2f9dc:   00000003 00e2f9f8 e06d7363 00000001
0x00e2f9ec:   00000000 00000000 00000003 19930520 

Instructions: (pc=0x76a5c42d)
0x76a5c40d:   02 50 ff 75 14 8d 45 c4 50 e8 57 ad 02 00 83 c4
0x76a5c41d:   0c eb 03 89 45 c0 8d 45 b0 50 ff 15 5c 11 a5 76
0x76a5c42d:   c9 c2 10 00 cc cc cc cc cc 8b ff 55 8b ec 56 8b
0x76a5c43d:   75 08 83 fe f4 72 18 83 fe f6 77 13 8d 45 08 50 


Register to memory mapping:

EAX=0x00e2f97c is pointing into the stack for thread: 0x0082c800
EBX=0x00000ba7 is an unknown value
ECX=0x00000003 is an unknown value
EDX=0x00000000 is an unknown value
ESP=0x00e2f97c is pointing into the stack for thread: 0x0082c800
EBP=0x00e2f9cc is pointing into the stack for thread: 0x0082c800
ESI=0x00e3fac4 is pointing into the stack for thread: 0x0082c800
EDI=0x504e3a30 is an unknown value


Stack: [0x00df0000,0x00e40000],  sp=0x00e2f97c,  free space=254k
Native frames: (J=compiled Java code, j=interpreted, Vv=VM code, C=native code)
C  [KERNELBASE.dll+0xc42d]
C  [msvcr100.dll+0x2872d]

Java frames: (J=compiled Java code, j=interpreted, Vv=VM code)
j  com.googlecode.javacv.cpp.opencv_core.cvReleaseImage(Lcom/googlecode/javacv/cpp/opencv_core$IplImage;)V+0
j  cn.tla001.hog.HogTest.main([Ljava/lang/String;)V+24
v  ~StubRoutines::call_stub

---------------  P R O C E S S  ---------------

Java Threads: ( => current thread )
  0x00e9ec00 JavaThread "Service Thread" daemon [_thread_blocked, id=1668, stack(0x04800000,0x04850000)]
  0x00e9a400 JavaThread "C1 CompilerThread0" daemon [_thread_blocked, id=3924, stack(0x048c0000,0x04910000)]
  0x00e99400 JavaThread "Attach Listener" daemon [_thread_blocked, id=7100, stack(0x04a00000,0x04a50000)]
  0x00e71c00 JavaThread "Signal Dispatcher" daemon [_thread_blocked, id=7552, stack(0x04960000,0x049b0000)]
  0x00e58800 JavaThread "Finalizer" daemon [_thread_blocked, id=4192, stack(0x04540000,0x04590000)]
  0x00e52400 JavaThread "Reference Handler" daemon [_thread_blocked, id=8156, stack(0x046c0000,0x04710000)]
=>0x0082c800 JavaThread "main" [_thread_in_native, id=6140, stack(0x00df0000,0x00e40000)]

Other Threads:
  0x00e51000 VMThread [stack: 0x00830000,0x00880000] [id=7436]
  0x00eb1400 WatcherThread [stack: 0x04a60000,0x04ab0000] [id=7728]

VM state:not at safepoint (normal execution)

VM Mutex/Monitor currently owned by a thread: None

Heap
 def new generation   total 4928K, used 2710K [0x0f010000, 0x0f560000, 0x14560000)
  eden space 4416K,  49% used [0x0f010000, 0x0f235a10, 0x0f460000)
  from space 512K, 100% used [0x0f4e0000, 0x0f560000, 0x0f560000)
  to   space 512K,   0% used [0x0f460000, 0x0f460000, 0x0f4e0000)
 tenured generation   total 10944K, used 636K [0x14560000, 0x15010000, 0x1f010000)
   the space 10944K,   5% used [0x14560000, 0x145ff1c0, 0x145ff200, 0x15010000)
 compacting perm gen  total 12288K, used 2773K [0x1f010000, 0x1fc10000, 0x23010000)
   the space 12288K,  22% used [0x1f010000, 0x1f2c5628, 0x1f2c5800, 0x1fc10000)
No shared spaces configured.

Card table byte_map: [0x00c80000,0x00d30000] byte_map_base: 0x00c07f80

Polling page: 0x000b0000

Code Cache  [0x02510000, 0x025d8000, 0x04510000)
 total_blobs=289 nmethods=137 adapters=89 free_code_cache=31979Kb largest_free_block=32747136

Compilation events (10 events):
Event: 2.787 Thread 0x00e9a400  131             java.util.LinkedList$ListItr::hasNext (20 bytes)
Event: 2.787 Thread 0x00e9a400 nmethod 131 0x025d3148 code [0x025d3240, 0x025d32e0]
Event: 2.788 Thread 0x00e9a400  132             java.util.AbstractList$Itr::hasNext (20 bytes)
Event: 2.788 Thread 0x00e9a400 nmethod 132 0x025d3348 code [0x025d3450, 0x025d350c]
Event: 2.795 Thread 0x00e9a400  134             com.googlecode.javacpp.Loader$ClassProperties::addAll (183 bytes)
Event: 2.796 Thread 0x00e9a400 nmethod 134 0x025d3848 code [0x025d3a90, 0x025d4268]
Event: 2.796 Thread 0x00e9a400  135             java.io.File::isInvalid (47 bytes)
Event: 2.796 Thread 0x00e9a400 nmethod 135 0x025d4a88 code [0x025d4b90, 0x025d4c8c]
Event: 2.803 Thread 0x00e9a400  137             java.net.URL::getFile (5 bytes)
Event: 2.803 Thread 0x00e9a400 nmethod 137 0x025d4fc8 code [0x025d50c0, 0x025d5140]

GC Heap History (2 events):
Event: 2.555 GC heap before
{Heap before GC invocations=0 (full 0):
 def new generation   total 4928K, used 4416K [0x0f010000, 0x0f560000, 0x14560000)
  eden space 4416K, 100% used [0x0f010000, 0x0f460000, 0x0f460000)
  from space 512K,   0% used [0x0f460000, 0x0f460000, 0x0f4e0000)
  to   space 512K,   0% used [0x0f4e0000, 0x0f4e0000, 0x0f560000)
 tenured generation   total 10944K, used 0K [0x14560000, 0x15010000, 0x1f010000)
   the space 10944K,   0% used [0x14560000, 0x14560000, 0x14560200, 0x15010000)
 compacting perm gen  total 12288K, used 2576K [0x1f010000, 0x1fc10000, 0x23010000)
   the space 12288K,  20% used [0x1f010000, 0x1f2942d8, 0x1f294400, 0x1fc10000)
No shared spaces configured.
Event: 2.561 GC heap after
Heap after GC invocations=1 (full 0):
 def new generation   total 4928K, used 512K [0x0f010000, 0x0f560000, 0x14560000)
  eden space 4416K,   0% used [0x0f010000, 0x0f010000, 0x0f460000)
  from space 512K, 100% used [0x0f4e0000, 0x0f560000, 0x0f560000)
  to   space 512K,   0% used [0x0f460000, 0x0f460000, 0x0f4e0000)
 tenured generation   total 10944K, used 636K [0x14560000, 0x15010000, 0x1f010000)
   the space 10944K,   5% used [0x14560000, 0x145ff1c0, 0x145ff200, 0x15010000)
 compacting perm gen  total 12288K, used 2576K [0x1f010000, 0x1fc10000, 0x23010000)
   the space 12288K,  20% used [0x1f010000, 0x1f2942d8, 0x1f294400, 0x1fc10000)
No shared spaces configured.
}

Deoptimization events (0 events):
No events

Internal exceptions (10 events):
Event: 2.743 Thread 0x0082c800 Threw 0x0f1014d8 at C:\re\jdk7u45\229\hotspot\src\share\vm\prims\jvm.cpp:1244
Event: 2.744 Thread 0x0082c800 Threw 0x0f105080 at C:\re\jdk7u45\229\hotspot\src\share\vm\prims\jvm.cpp:1244
Event: 2.745 Thread 0x0082c800 Threw 0x0f108b48 at C:\re\jdk7u45\229\hotspot\src\share\vm\prims\jvm.cpp:1244
Event: 2.746 Thread 0x0082c800 Threw 0x0f10c1a0 at C:\re\jdk7u45\229\hotspot\src\share\vm\prims\jvm.cpp:1244
Event: 2.747 Thread 0x0082c800 Threw 0x0f10f830 at C:\re\jdk7u45\229\hotspot\src\share\vm\prims\jvm.cpp:1244
Event: 2.748 Thread 0x0082c800 Threw 0x0f112d48 at C:\re\jdk7u45\229\hotspot\src\share\vm\prims\jvm.cpp:1244
Event: 2.749 Thread 0x0082c800 Threw 0x0f1173a0 at C:\re\jdk7u45\229\hotspot\src\share\vm\prims\jvm.cpp:1244
Event: 2.751 Thread 0x0082c800 Threw 0x0f11af10 at C:\re\jdk7u45\229\hotspot\src\share\vm\prims\jvm.cpp:1244
Event: 2.802 Thread 0x0082c800 Threw 0x0f21a200 at C:\re\jdk7u45\229\hotspot\src\share\vm\prims\jvm.cpp:1244
Event: 2.802 Thread 0x0082c800 Threw 0x0f21d118 at C:\re\jdk7u45\229\hotspot\src\share\vm\prims\jvm.cpp:1244

Events (10 events):
Event: 2.751 loading class 0x00feddd8
Event: 2.751 loading class 0x00feddd8 done
Event: 2.759 loading class 0x00bbac48
Event: 2.760 loading class 0x00bbac48 done
Event: 2.760 loading class 0x00bd93b0
Event: 2.760 loading class 0x00bd93b0 done
Event: 2.802 loading class 0x00e5f450
Event: 2.802 loading class 0x00e5f450 done
Event: 2.802 loading class 0x00e5f4e0
Event: 2.802 loading class 0x00e5f4e0 done


Dynamic libraries:
0x010e0000 - 0x0110f000 	D:\Program Files\myeclipse\binary\com.sun.java.jdk7.win32.x86_1.7.0.u45\bin\javaw.exe
0x77bf0000 - 0x77d70000 	C:\Windows\SysWOW64\ntdll.dll
0x765e0000 - 0x766f0000 	C:\Windows\syswow64\kernel32.dll
0x76a50000 - 0x76a97000 	C:\Windows\syswow64\KERNELBASE.dll
0x753a0000 - 0x75440000 	C:\Windows\syswow64\ADVAPI32.dll
0x76f70000 - 0x7701c000 	C:\Windows\syswow64\msvcrt.dll
0x76ec0000 - 0x76ed9000 	C:\Windows\SysWOW64\sechost.dll
0x76aa0000 - 0x76b90000 	C:\Windows\syswow64\RPCRT4.dll
0x752e0000 - 0x75340000 	C:\Windows\syswow64\SspiCli.dll
0x752d0000 - 0x752dc000 	C:\Windows\syswow64\CRYPTBASE.dll
0x75680000 - 0x75780000 	C:\Windows\syswow64\USER32.dll
0x76970000 - 0x76a00000 	C:\Windows\syswow64\GDI32.dll
0x76a00000 - 0x76a0a000 	C:\Windows\syswow64\LPK.dll
0x764b0000 - 0x7654d000 	C:\Windows\syswow64\USP10.dll
0x74180000 - 0x7431e000 	C:\Windows\WinSxS\x86_microsoft.windows.common-controls_6595b64144ccf1df_6.0.7601.18837_none_41e855142bd5705d\COMCTL32.dll
0x75340000 - 0x75397000 	C:\Windows\syswow64\SHLWAPI.dll
0x75780000 - 0x757e0000 	C:\Windows\system32\IMM32.DLL
0x755a0000 - 0x7566c000 	C:\Windows\syswow64\MSCTF.dll
0x73fe0000 - 0x7400a000 	C:\Windows\SysWOW64\nvinit.dll
0x0f000000 - 0x0f006000 	C:\Program Files (x86)\NVIDIA Corporation\CoProcManager\_etoured.dll
0x72a60000 - 0x72ab3000 	C:\Program Files (x86)\NVIDIA Corporation\CoProcManager\nvd3d9wrap.dll
0x76ba0000 - 0x76d3d000 	C:\Windows\syswow64\SETUPAPI.dll
0x77260000 - 0x77287000 	C:\Windows\syswow64\CFGMGR32.dll
0x772b0000 - 0x7733f000 	C:\Windows\syswow64\OLEAUT32.dll
0x75440000 - 0x7559c000 	C:\Windows\syswow64\ole32.dll
0x77290000 - 0x772a2000 	C:\Windows\syswow64\DEVOBJ.dll
0x72770000 - 0x727ab000 	C:\Program Files (x86)\NVIDIA Corporation\CoProcManager\nvdxgiwrap.dll
0x504d0000 - 0x5058f000 	D:\Program Files\myeclipse\binary\com.sun.java.jdk7.win32.x86_1.7.0.u45\jre\bin\msvcr100.dll
0x597b0000 - 0x59b30000 	D:\Program Files\myeclipse\binary\com.sun.java.jdk7.win32.x86_1.7.0.u45\jre\bin\client\jvm.dll
0x5a880000 - 0x5a887000 	C:\Windows\system32\WSOCK32.dll
0x76a10000 - 0x76a45000 	C:\Windows\syswow64\WS2_32.dll
0x76eb0000 - 0x76eb6000 	C:\Windows\syswow64\NSI.dll
0x74be0000 - 0x74c12000 	C:\Windows\system32\WINMM.dll
0x76b90000 - 0x76b95000 	C:\Windows\syswow64\PSAPI.DLL
0x5a800000 - 0x5a80c000 	D:\Program Files\myeclipse\binary\com.sun.java.jdk7.win32.x86_1.7.0.u45\jre\bin\verify.dll
0x5a7e0000 - 0x5a800000 	D:\Program Files\myeclipse\binary\com.sun.java.jdk7.win32.x86_1.7.0.u45\jre\bin\java.dll
0x5a690000 - 0x5a6a3000 	D:\Program Files\myeclipse\binary\com.sun.java.jdk7.win32.x86_1.7.0.u45\jre\bin\zip.dll
0x70fc0000 - 0x71ef6000 	C:\opencv\build\x86\vc10\bin\opencv_ffmpeg248.dll
0x50050000 - 0x50256000 	C:\opencv\build\x86\vc10\bin\opencv_core248.dll
0x729b0000 - 0x72a19000 	C:\Windows\system32\MSVCP100.dll
0x77d90000 - 0x77ffb000 	C:\opencv\build\x86\vc10\bin\opencv_imgproc248.dll
0x04b10000 - 0x04d17000 	C:\opencv\build\x86\vc10\bin\opencv_highgui248.dll
0x568b0000 - 0x568c9000 	C:\Windows\system32\AVIFIL32.dll
0x64610000 - 0x64624000 	C:\Windows\system32\MSACM32.dll
0x66bc0000 - 0x66be1000 	C:\Windows\system32\MSVFW32.dll
0x75860000 - 0x764ab000 	C:\Windows\syswow64\SHELL32.dll
0x66bf0000 - 0x66c03000 	C:\Windows\system32\AVICAP32.dll
0x75040000 - 0x75049000 	C:\Windows\system32\VERSION.dll
0x72410000 - 0x7241f000 	C:\Users\Administrator\AppData\Local\Temp\javacpp6478028805168\jniopencv_highgui.dll
0x724a0000 - 0x72520000 	C:\Windows\system32\uxtheme.dll
0x74010000 - 0x7405c000 	C:\Windows\system32\apphelp.dll
0x04f40000 - 0x0544c000 	C:\Windows\system32\SOGOUPY.IME
0x72b30000 - 0x72b35000 	C:\Windows\system32\MSIMG32.dll
0x72af0000 - 0x72b2c000 	C:\Windows\system32\OLEACC.dll
0x727c0000 - 0x727e1000 	C:\Windows\system32\ntmarta.dll
0x76d40000 - 0x76d85000 	C:\Windows\syswow64\WLDAP32.dll
0x73ca0000 - 0x73cb3000 	C:\Windows\system32\dwmapi.dll
0x73950000 - 0x73973000 	D:\Program Files\sogoupinyin\Components\SgAppender\1.0.0.207\SgAppender_Dll.dll
0x73900000 - 0x73942000 	D:\Program Files\sogoupinyin\Components\AddressSearch\2.0.1.1379\AddressSearch.dll
0x08ea0000 - 0x08f7d000 	D:\Program Files\sogoupinyin\8.0.0.8051\Resource.dll
0x73760000 - 0x738f2000 	D:\Program Files\sogoupinyin\Components\PicFace\1.0.0.1455\PicFace.dll
0x75000000 - 0x7500b000 	C:\Windows\system32\profapi.dll
0x50450000 - 0x504c5000 	C:\Users\Administrator\AppData\Local\Temp\javacpp6478028805168\jniopencv_core.dll
0x07a40000 - 0x07b2b000 	C:\Windows\system32\dbghelp.dll

VM Arguments:
jvm_args: -Djava.library.path=C:\opencv\build\java\x86 -Dfile.encoding=GBK 
java_command: cn.tla001.hog.HogTest
Launcher Type: SUN_STANDARD

Environment Variables:
JAVA_HOME=D:\Program Files\Java\jdk1.7.0_79
CLASSPATH=.;D:\Program Files\Java\jdk1.7.0_79\lib\dt.jar;D:\Program Files\Java\jdk1.7.0_79\lib\tools.jar
PATH=D:/Program Files/myeclipse/binary/com.sun.java.jdk7.win32.x86_1.7.0.u45/jre/bin/client;D:/Program Files/myeclipse/binary/com.sun.java.jdk7.win32.x86_1.7.0.u45/jre/bin;D:/Program Files/myeclipse/binary/com.sun.java.jdk7.win32.x86_1.7.0.u45/jre/lib/i386;C:\Program Files\MySQL\MySQL Server 6.0\bin;C:\Program Files\NVIDIA GPU Computing Toolkit\CUDA\v7.0\bin;C:\Program Files\NVIDIA GPU Computing Toolkit\CUDA\v7.0\libnvvp;C:\Program Files (x86)\Common Files\NetSarang;C:\Windows\system32;C:\Windows;C:\Windows\System32\Wbem;C:\Windows\System32\WindowsPowerShell\v1.0\;c:\Program Files (x86)\Microsoft SQL Server\100\Tools\Binn\;c:\Program Files\Microsoft SQL Server\100\Tools\Binn\;c:\Program Files\Microsoft SQL Server\100\DTS\Binn\;D:\Program Files\MATLAB\R2012a\bin\win64\;d:\Program Files\MATLAB\MATLAB Compiler Runtime\v717\runtime\win64;C:\Program Files (x86)\Windows Kits\8.1\Windows Performance Toolkit\;C:\Program Files\Microsoft SQL Server\110\Tools\Binn\;C:\Program Files (x86)\Microsoft SDKs\TypeScript\1.0\;C:\Program Files\Microsoft SQL Server\120\Tools\Binn\;D:\Strawberry\c\bin;D:\Strawberry\perl\site\bin;D:\Strawberry\perl\bin;D:\Program Files\python;D:\Program Files\Java\jdk1.7.0_79\bin;D:\Program Files\Java\jdk1.7.0_79\jre\bin;d:\Program Files\Git\cmd;C:\MinGW\bin;D:\Program Files (x86)\Microsoft Visual Studio\Common\Tools\WinNT;D:\Program Files (x86)\Microsoft Visual Studio\Common\MSDev98\Bin;D:\Program Files (x86)\Microsoft Visual Studio\Common\Tools;D:\Program Files (x86)\Microsoft Visual Studio\VC98\bin;d:\Program Files (x86)\MaShang6\bin
USERNAME=Administrator
OS=Windows_NT
PROCESSOR_IDENTIFIER=Intel64 Family 6 Model 42 Stepping 7, GenuineIntel



---------------  S Y S T E M  ---------------

OS: Windows 7 , 64 bit Build 7601 Service Pack 1

CPU:total 4 (2 cores per cpu, 2 threads per core) family 6 model 42 stepping 7, cmov, cx8, fxsr, mmx, sse, sse2, sse3, ssse3, sse4.1, sse4.2, popcnt, avx, aes, ht, tsc, tscinvbit

Memory: 4k page, physical 8195260k(4516212k free), swap 16388684k(11415996k free)

vm_info: Java HotSpot(TM) Client VM (24.45-b08) for windows-x86 JRE (1.7.0_45-b18), built on Oct  8 2013 06:02:43 by "java_re" with unknown MS VC++:1600

time: Fri Sep 02 09:07:33 2016
elapsed time: 2 seconds

